{"C:\\Users\\USUARIO\\Desktop\\proyect3\\MediSync\\backend\\src\\controllers\\authController.js": {"path":"C:\\Users\\USUARIO\\Desktop\\proyect3\\MediSync\\backend\\src\\controllers\\authController.js","statementMap":{"0":{"start":{"line":15,"column":28},"end":{"line":41,"column":1}},"1":{"start":{"line":16,"column":41},"end":{"line":16,"column":49}},"2":{"start":{"line":18,"column":4},"end":{"line":40,"column":5}},"3":{"start":{"line":19,"column":31},"end":{"line":19,"column":90}},"4":{"start":{"line":20,"column":21},"end":{"line":20,"column":40}},"5":{"start":{"line":21,"column":20},"end":{"line":21,"column":28}},"6":{"start":{"line":23,"column":8},"end":{"line":23,"column":66}},"7":{"start":{"line":25,"column":8},"end":{"line":29,"column":11}},"8":{"start":{"line":31,"column":8},"end":{"line":31,"column":42}},"9":{"start":{"line":33,"column":8},"end":{"line":35,"column":11}},"10":{"start":{"line":37,"column":8},"end":{"line":39,"column":11}},"11":{"start":{"line":44,"column":25},"end":{"line":70,"column":1}},"12":{"start":{"line":45,"column":32},"end":{"line":45,"column":40}},"13":{"start":{"line":47,"column":4},"end":{"line":69,"column":5}},"14":{"start":{"line":48,"column":31},"end":{"line":48,"column":86}},"15":{"start":{"line":49,"column":21},"end":{"line":49,"column":40}},"16":{"start":{"line":51,"column":8},"end":{"line":55,"column":9}},"17":{"start":{"line":52,"column":12},"end":{"line":54,"column":15}},"18":{"start":{"line":57,"column":8},"end":{"line":64,"column":11}},"19":{"start":{"line":66,"column":8},"end":{"line":68,"column":11}},"20":{"start":{"line":73,"column":26},"end":{"line":83,"column":1}},"21":{"start":{"line":74,"column":4},"end":{"line":82,"column":5}},"22":{"start":{"line":75,"column":8},"end":{"line":75,"column":28}},"23":{"start":{"line":76,"column":8},"end":{"line":76,"column":81}},"24":{"start":{"line":78,"column":8},"end":{"line":81,"column":11}},"25":{"start":{"line":86,"column":31},"end":{"line":99,"column":1}},"26":{"start":{"line":87,"column":22},"end":{"line":87,"column":30}},"27":{"start":{"line":89,"column":4},"end":{"line":98,"column":5}},"28":{"start":{"line":90,"column":8},"end":{"line":90,"column":50}},"29":{"start":{"line":91,"column":8},"end":{"line":93,"column":11}},"30":{"start":{"line":95,"column":8},"end":{"line":97,"column":11}},"31":{"start":{"line":101,"column":25},"end":{"line":112,"column":1}},"32":{"start":{"line":102,"column":17},"end":{"line":102,"column":33}},"33":{"start":{"line":103,"column":4},"end":{"line":111,"column":5}},"34":{"start":{"line":104,"column":23},"end":{"line":104,"column":56}},"35":{"start":{"line":105,"column":24},"end":{"line":105,"column":44}},"36":{"start":{"line":106,"column":25},"end":{"line":106,"column":39}},"37":{"start":{"line":108,"column":8},"end":{"line":108,"column":56}},"38":{"start":{"line":110,"column":8},"end":{"line":110,"column":72}}},"fnMap":{"0":{"name":"(anonymous_0)","decl":{"start":{"line":15,"column":28},"end":{"line":15,"column":29}},"loc":{"start":{"line":15,"column":48},"end":{"line":41,"column":1}},"line":15},"1":{"name":"(anonymous_1)","decl":{"start":{"line":44,"column":25},"end":{"line":44,"column":26}},"loc":{"start":{"line":44,"column":45},"end":{"line":70,"column":1}},"line":44},"2":{"name":"(anonymous_2)","decl":{"start":{"line":73,"column":26},"end":{"line":73,"column":27}},"loc":{"start":{"line":73,"column":46},"end":{"line":83,"column":1}},"line":73},"3":{"name":"(anonymous_3)","decl":{"start":{"line":86,"column":31},"end":{"line":86,"column":32}},"loc":{"start":{"line":86,"column":51},"end":{"line":99,"column":1}},"line":86},"4":{"name":"(anonymous_4)","decl":{"start":{"line":101,"column":25},"end":{"line":101,"column":26}},"loc":{"start":{"line":101,"column":45},"end":{"line":112,"column":1}},"line":101}},"branchMap":{"0":{"loc":{"start":{"line":38,"column":21},"end":{"line":38,"column":80}},"type":"binary-expr","locations":[{"start":{"line":38,"column":21},"end":{"line":38,"column":46}},{"start":{"line":38,"column":50},"end":{"line":38,"column":80}}],"line":38},"1":{"loc":{"start":{"line":51,"column":8},"end":{"line":55,"column":9}},"type":"if","locations":[{"start":{"line":51,"column":8},"end":{"line":55,"column":9}},{"start":{},"end":{}}],"line":51},"2":{"loc":{"start":{"line":67,"column":21},"end":{"line":67,"column":75}},"type":"binary-expr","locations":[{"start":{"line":67,"column":21},"end":{"line":67,"column":46}},{"start":{"line":67,"column":50},"end":{"line":67,"column":75}}],"line":67},"3":{"loc":{"start":{"line":79,"column":21},"end":{"line":79,"column":75}},"type":"binary-expr","locations":[{"start":{"line":79,"column":21},"end":{"line":79,"column":46}},{"start":{"line":79,"column":50},"end":{"line":79,"column":75}}],"line":79},"4":{"loc":{"start":{"line":80,"column":19},"end":{"line":80,"column":42}},"type":"binary-expr","locations":[{"start":{"line":80,"column":19},"end":{"line":80,"column":27}},{"start":{"line":80,"column":31},"end":{"line":80,"column":42}}],"line":80},"5":{"loc":{"start":{"line":96,"column":21},"end":{"line":96,"column":75}},"type":"binary-expr","locations":[{"start":{"line":96,"column":21},"end":{"line":96,"column":46}},{"start":{"line":96,"column":50},"end":{"line":96,"column":75}}],"line":96},"6":{"loc":{"start":{"line":103,"column":4},"end":{"line":111,"column":5}},"type":"if","locations":[{"start":{"line":103,"column":4},"end":{"line":111,"column":5}},{"start":{"line":109,"column":11},"end":{"line":111,"column":5}}],"line":103}},"s":{"0":1,"1":5,"2":5,"3":5,"4":1,"5":1,"6":1,"7":1,"8":1,"9":1,"10":4,"11":1,"12":7,"13":7,"14":7,"15":3,"16":3,"17":1,"18":2,"19":4,"20":1,"21":4,"22":4,"23":1,"24":3,"25":1,"26":5,"27":5,"28":5,"29":1,"30":4,"31":1,"32":5,"33":5,"34":4,"35":4,"36":4,"37":4,"38":1},"f":{"0":5,"1":7,"2":4,"3":5,"4":5},"b":{"0":[4,2],"1":[1,2],"2":[4,2],"3":[3,3],"4":[3,1],"5":[4,2],"6":[4,1]},"_coverageSchema":"1a1c01bbd47fc00a2c39e90264f33305004495a9","hash":"1fd3599a6665a3966dc459954cf181caeb4618bf"}
,"C:\\Users\\USUARIO\\Desktop\\proyect3\\MediSync\\backend\\src\\utils\\constants.js": {"path":"C:\\Users\\USUARIO\\Desktop\\proyect3\\MediSync\\backend\\src\\utils\\constants.js","statementMap":{"0":{"start":{"line":1,"column":31},"end":{"line":43,"column":1}}},"fnMap":{},"branchMap":{},"s":{"0":1},"f":{},"b":{},"_coverageSchema":"1a1c01bbd47fc00a2c39e90264f33305004495a9","hash":"e15bec92fdbb298a7236316eef46a9fbbd2c3126"}
}
