TN:
SF:src\controllers\authController.js
FN:15,(anonymous_0)
FN:44,(anonymous_1)
FN:73,(anonymous_2)
FN:86,(anonymous_3)
FN:101,(anonymous_4)
FNF:5
FNH:5
FNDA:5,(anonymous_0)
FNDA:7,(anonymous_1)
FNDA:4,(anonymous_2)
FNDA:5,(anonymous_3)
FNDA:5,(anonymous_4)
DA:15,1
DA:16,5
DA:18,5
DA:19,5
DA:20,1
DA:21,1
DA:23,1
DA:25,1
DA:31,1
DA:33,1
DA:37,4
DA:44,1
DA:45,7
DA:47,7
DA:48,7
DA:49,3
DA:51,3
DA:52,1
DA:57,2
DA:66,4
DA:73,1
DA:74,4
DA:75,4
DA:76,1
DA:78,3
DA:86,1
DA:87,5
DA:89,5
DA:90,5
DA:91,1
DA:95,4
DA:101,1
DA:102,5
DA:103,5
DA:104,4
DA:105,4
DA:106,4
DA:108,4
DA:110,1
LF:39
LH:39
BRDA:38,0,0,4
BRDA:38,0,1,2
BRDA:51,1,0,1
BRDA:51,1,1,2
BRDA:67,2,0,4
BRDA:67,2,1,2
BRDA:79,3,0,3
BRDA:79,3,1,3
BRDA:80,4,0,3
BRDA:80,4,1,1
BRDA:96,5,0,4
BRDA:96,5,1,2
BRDA:103,6,0,4
BRDA:103,6,1,1
BRF:14
BRH:14
end_of_record
TN:
SF:src\utils\constants.js
FNF:0
FNH:0
DA:1,1
LF:1
LH:1
BRF:0
BRH:0
end_of_record
