<?xml version="1.0" encoding="UTF-8"?>
<coverage generated="1747972373539" clover="3.2.0">
  <project timestamp="1747972373539" name="All files">
    <metrics statements="8" coveredstatements="7" conditionals="10" coveredconditionals="5" methods="3" coveredmethods="2" elements="21" coveredelements="14" complexity="0" loc="8" ncloc="8" packages="2" files="2" classes="2"/>
    <package name="context">
      <metrics statements="3" coveredstatements="3" conditionals="0" coveredconditionals="0" methods="1" coveredmethods="1"/>
      <file name="authContextInstance.jsx" path="C:\Users\USUARIO\Desktop\proyect3\MediSync\client\src\context\authContextInstance.jsx">
        <metrics statements="3" coveredstatements="3" conditionals="0" coveredconditionals="0" methods="1" coveredmethods="1"/>
        <line num="3" count="1" type="stmt"/>
        <line num="4" count="1" type="stmt"/>
        <line num="5" count="19" type="stmt"/>
      </file>
    </package>
    <package name="pages">
      <metrics statements="5" coveredstatements="4" conditionals="10" coveredconditionals="5" methods="2" coveredmethods="1"/>
      <file name="Login.jsx" path="C:\Users\USUARIO\Desktop\proyect3\MediSync\client\src\pages\Login.jsx">
        <metrics statements="5" coveredstatements="4" conditionals="10" coveredconditionals="5" methods="2" coveredmethods="1"/>
        <line num="8" count="39" type="stmt"/>
        <line num="13" count="20" type="stmt"/>
        <line num="15" count="20" type="stmt"/>
        <line num="16" count="0" type="stmt"/>
        <line num="19" count="20" type="stmt"/>
      </file>
    </package>
  </project>
</coverage>
