{"C:\\Users\\USUARIO\\Desktop\\proyect3\\MediSync\\client\\src\\context\\authContextInstance.jsx": {"path":"C:\\Users\\USUARIO\\Desktop\\proyect3\\MediSync\\client\\src\\context\\authContextInstance.jsx","statementMap":{"0":{"start":{"line":3,"column":27},"end":{"line":3,"column":42}},"1":{"start":{"line":4,"column":23},"end":{"line":6,"column":1}},"2":{"start":{"line":5,"column":2},"end":{"line":5,"column":33}}},"fnMap":{"0":{"name":"(anonymous_0)","decl":{"start":{"line":4,"column":23},"end":{"line":4,"column":24}},"loc":{"start":{"line":4,"column":29},"end":{"line":6,"column":1}},"line":4}},"branchMap":{},"s":{"0":1,"1":1,"2":19},"f":{"0":19},"b":{},"_coverageSchema":"1a1c01bbd47fc00a2c39e90264f33305004495a9","hash":"adf5c6a2e518eb7991e8d9bb95f74dd1e2257594"}
,"C:\\Users\\USUARIO\\Desktop\\proyect3\\MediSync\\client\\src\\pages\\Login.jsx": {"path":"C:\\Users\\USUARIO\\Desktop\\proyect3\\MediSync\\client\\src\\pages\\Login.jsx","statementMap":{"0":{"start":{"line":8,"column":44},"end":{"line":8,"column":53}},"1":{"start":{"line":13,"column":6},"end":{"line":13,"column":15}},"2":{"start":{"line":15,"column":19},"end":{"line":17,"column":3}},"3":{"start":{"line":16,"column":4},"end":{"line":16,"column":26}},"4":{"start":{"line":19,"column":2},"end":{"line":76,"column":4}}},"fnMap":{"0":{"name":"Login","decl":{"start":{"line":7,"column":24},"end":{"line":7,"column":29}},"loc":{"start":{"line":7,"column":32},"end":{"line":77,"column":1}},"line":7},"1":{"name":"(anonymous_1)","decl":{"start":{"line":15,"column":19},"end":{"line":15,"column":20}},"loc":{"start":{"line":15,"column":35},"end":{"line":17,"column":3}},"line":15}},"branchMap":{"0":{"loc":{"start":{"line":23,"column":9},"end":{"line":27,"column":9}},"type":"binary-expr","locations":[{"start":{"line":23,"column":9},"end":{"line":23,"column":20}},{"start":{"line":24,"column":10},"end":{"line":26,"column":17}}],"line":23},"1":{"loc":{"start":{"line":36,"column":28},"end":{"line":36,"column":59}},"type":"cond-expr","locations":[{"start":{"line":36,"column":43},"end":{"line":36,"column":49}},{"start":{"line":36,"column":52},"end":{"line":36,"column":59}}],"line":36},"2":{"loc":{"start":{"line":38,"column":13},"end":{"line":42,"column":13}},"type":"binary-expr","locations":[{"start":{"line":38,"column":13},"end":{"line":38,"column":25}},{"start":{"line":39,"column":14},"end":{"line":41,"column":21}}],"line":38},"3":{"loc":{"start":{"line":54,"column":28},"end":{"line":54,"column":62}},"type":"cond-expr","locations":[{"start":{"line":54,"column":46},"end":{"line":54,"column":52}},{"start":{"line":54,"column":55},"end":{"line":54,"column":62}}],"line":54},"4":{"loc":{"start":{"line":56,"column":13},"end":{"line":60,"column":13}},"type":"binary-expr","locations":[{"start":{"line":56,"column":13},"end":{"line":56,"column":28}},{"start":{"line":57,"column":14},"end":{"line":59,"column":21}}],"line":56}},"s":{"0":39,"1":20,"2":20,"3":0,"4":20},"f":{"0":39,"1":0},"b":{"0":[20,0],"1":[0,20],"2":[20,0],"3":[0,20],"4":[20,0]},"_coverageSchema":"1a1c01bbd47fc00a2c39e90264f33305004495a9","hash":"1a65047446f7fbff33ae9b17747827ecc790726d"}
}
